#! /c/Source/iverilog-install/bin/vvp
:ivl_version "12.0 (devel)" "(s20150603-1539-g2693dd32b)";
:ivl_delay_selection "TYPICAL";
:vpi_time_precision + 0;
:vpi_module "C:\iverilog\lib\ivl\system.vpi";
:vpi_module "C:\iverilog\lib\ivl\vhdl_sys.vpi";
:vpi_module "C:\iverilog\lib\ivl\vhdl_textio.vpi";
:vpi_module "C:\iverilog\lib\ivl\v2005_math.vpi";
:vpi_module "C:\iverilog\lib\ivl\va_math.vpi";
S_0000017397f588b0 .scope module, "tb" "tb" 2 34;
 .timescale 0 0;
v0000017397fb6460_0 .var "A", 3 0;
v0000017397fb6820_0 .var "B", 3 0;
v0000017397fb72c0_0 .net "Co", 0 0, L_0000017397f50a50;  1 drivers
v0000017397fb7040_0 .var "Sel", 0 0;
v0000017397fb68c0_0 .net "So", 3 0, L_0000017397fb8b20;  1 drivers
v0000017397fb6960_0 .var "i", 4 0;
v0000017397fb6a00_0 .var "j", 4 0;
v0000017397fb6aa0_0 .var "k", 4 0;
S_0000017397f58a40 .scope module, "uut" "sumador_4bt" 2 43, 2 13 0, S_0000017397f588b0;
 .timescale 0 0;
    .port_info 0 /INPUT 4 "A";
    .port_info 1 /INPUT 4 "B";
    .port_info 2 /INPUT 1 "Sel";
    .port_info 3 /OUTPUT 4 "So";
    .port_info 4 /OUTPUT 1 "Co";
L_0000017397f50900 .functor XOR 4, v0000017397fb6820_0, L_0000017397fb6b40, C4<0000>, C4<0000>;
v0000017397fb6500_0 .net "A", 3 0, v0000017397fb6460_0;  1 drivers
v0000017397fb77c0_0 .net "B", 3 0, v0000017397fb6820_0;  1 drivers
v0000017397fb5920_0 .net "B_xor_Sel", 3 0, L_0000017397f50900;  1 drivers
v0000017397fb60a0_0 .net "Co", 0 0, L_0000017397f50a50;  alias, 1 drivers
v0000017397fb6140_0 .net "Sel", 0 0, v0000017397fb7040_0;  1 drivers
v0000017397fb65a0_0 .net "So", 3 0, L_0000017397fb8b20;  alias, 1 drivers
v0000017397fb6320_0 .net *"_ivl_0", 3 0, L_0000017397fb6b40;  1 drivers
v0000017397fb6fa0_0 .net "c0", 0 0, L_0000017397f50660;  1 drivers
v0000017397fb63c0_0 .net "c1", 0 0, L_0000017397f507b0;  1 drivers
v0000017397fb66e0_0 .net "c2", 0 0, L_0000017397f509e0;  1 drivers
L_0000017397fb6b40 .concat [ 1 1 1 1], v0000017397fb7040_0, v0000017397fb7040_0, v0000017397fb7040_0, v0000017397fb7040_0;
L_0000017397fb6c80 .part v0000017397fb6460_0, 0, 1;
L_0000017397fb6d20 .part L_0000017397f50900, 0, 1;
L_0000017397fb70e0 .part v0000017397fb6460_0, 1, 1;
L_0000017397fb9c00 .part L_0000017397f50900, 1, 1;
L_0000017397fb93e0 .part v0000017397fb6460_0, 2, 1;
L_0000017397fb9340 .part L_0000017397f50900, 2, 1;
L_0000017397fb8bc0 .part v0000017397fb6460_0, 3, 1;
L_0000017397fb9980 .part L_0000017397f50900, 3, 1;
L_0000017397fb8b20 .concat8 [ 1 1 1 1], L_0000017397f50d60, L_0000017397f50dd0, L_0000017397f50b30, L_0000017397f504a0;
S_0000017397f55b30 .scope module, "fa0" "sumador_1bt" 2 27, 2 1 0, S_0000017397f58a40;
 .timescale 0 0;
    .port_info 0 /INPUT 1 "A";
    .port_info 1 /INPUT 1 "B";
    .port_info 2 /INPUT 1 "cin";
    .port_info 3 /OUTPUT 1 "s";
    .port_info 4 /OUTPUT 1 "cout";
L_0000017397f50c10 .functor XOR 1, L_0000017397fb6c80, L_0000017397fb6d20, C4<0>, C4<0>;
L_0000017397f50d60 .functor XOR 1, L_0000017397f50c10, v0000017397fb7040_0, C4<0>, C4<0>;
L_0000017397f510e0 .functor AND 1, L_0000017397fb6c80, L_0000017397fb6d20, C4<1>, C4<1>;
L_0000017397f50c80 .functor XOR 1, L_0000017397fb6c80, L_0000017397fb6d20, C4<0>, C4<0>;
L_0000017397f50cf0 .functor AND 1, v0000017397fb7040_0, L_0000017397f50c80, C4<1>, C4<1>;
L_0000017397f50660 .functor OR 1, L_0000017397f510e0, L_0000017397f50cf0, C4<0>, C4<0>;
v0000017397f4cfd0_0 .net "A", 0 0, L_0000017397fb6c80;  1 drivers
v0000017397f4d390_0 .net "B", 0 0, L_0000017397fb6d20;  1 drivers
v0000017397f4d4d0_0 .net *"_ivl_0", 0 0, L_0000017397f50c10;  1 drivers
v0000017397f4c850_0 .net *"_ivl_4", 0 0, L_0000017397f510e0;  1 drivers
v0000017397f4d110_0 .net *"_ivl_6", 0 0, L_0000017397f50c80;  1 drivers
v0000017397f4c7b0_0 .net *"_ivl_8", 0 0, L_0000017397f50cf0;  1 drivers
v0000017397f4c8f0_0 .net "cin", 0 0, v0000017397fb7040_0;  alias, 1 drivers
v0000017397f4cc10_0 .net "cout", 0 0, L_0000017397f50660;  alias, 1 drivers
v0000017397fb6e60_0 .net "s", 0 0, L_0000017397f50d60;  1 drivers
S_0000017397f55cc0 .scope module, "fa1" "sumador_1bt" 2 28, 2 1 0, S_0000017397f58a40;
 .timescale 0 0;
    .port_info 0 /INPUT 1 "A";
    .port_info 1 /INPUT 1 "B";
    .port_info 2 /INPUT 1 "cin";
    .port_info 3 /OUTPUT 1 "s";
    .port_info 4 /OUTPUT 1 "cout";
L_0000017397f502e0 .functor XOR 1, L_0000017397fb70e0, L_0000017397fb9c00, C4<0>, C4<0>;
L_0000017397f50dd0 .functor XOR 1, L_0000017397f502e0, L_0000017397f50660, C4<0>, C4<0>;
L_0000017397f50350 .functor AND 1, L_0000017397fb70e0, L_0000017397fb9c00, C4<1>, C4<1>;
L_0000017397f50890 .functor XOR 1, L_0000017397fb70e0, L_0000017397fb9c00, C4<0>, C4<0>;
L_0000017397f50e40 .functor AND 1, L_0000017397f50660, L_0000017397f50890, C4<1>, C4<1>;
L_0000017397f507b0 .functor OR 1, L_0000017397f50350, L_0000017397f50e40, C4<0>, C4<0>;
v0000017397fb7720_0 .net "A", 0 0, L_0000017397fb70e0;  1 drivers
v0000017397fb5f60_0 .net "B", 0 0, L_0000017397fb9c00;  1 drivers
v0000017397fb6780_0 .net *"_ivl_0", 0 0, L_0000017397f502e0;  1 drivers
v0000017397fb5c40_0 .net *"_ivl_4", 0 0, L_0000017397f50350;  1 drivers
v0000017397fb6000_0 .net *"_ivl_6", 0 0, L_0000017397f50890;  1 drivers
v0000017397fb7400_0 .net *"_ivl_8", 0 0, L_0000017397f50e40;  1 drivers
v0000017397fb6640_0 .net "cin", 0 0, L_0000017397f50660;  alias, 1 drivers
v0000017397fb61e0_0 .net "cout", 0 0, L_0000017397f507b0;  alias, 1 drivers
v0000017397fb6dc0_0 .net "s", 0 0, L_0000017397f50dd0;  1 drivers
S_0000017397f54210 .scope module, "fa2" "sumador_1bt" 2 29, 2 1 0, S_0000017397f58a40;
 .timescale 0 0;
    .port_info 0 /INPUT 1 "A";
    .port_info 1 /INPUT 1 "B";
    .port_info 2 /INPUT 1 "cin";
    .port_info 3 /OUTPUT 1 "s";
    .port_info 4 /OUTPUT 1 "cout";
L_0000017397f50970 .functor XOR 1, L_0000017397fb93e0, L_0000017397fb9340, C4<0>, C4<0>;
L_0000017397f50b30 .functor XOR 1, L_0000017397f50970, L_0000017397f507b0, C4<0>, C4<0>;
L_0000017397f50eb0 .functor AND 1, L_0000017397fb93e0, L_0000017397fb9340, C4<1>, C4<1>;
L_0000017397f50f20 .functor XOR 1, L_0000017397fb93e0, L_0000017397fb9340, C4<0>, C4<0>;
L_0000017397f50f90 .functor AND 1, L_0000017397f507b0, L_0000017397f50f20, C4<1>, C4<1>;
L_0000017397f509e0 .functor OR 1, L_0000017397f50eb0, L_0000017397f50f90, C4<0>, C4<0>;
v0000017397fb7540_0 .net "A", 0 0, L_0000017397fb93e0;  1 drivers
v0000017397fb74a0_0 .net "B", 0 0, L_0000017397fb9340;  1 drivers
v0000017397fb6280_0 .net *"_ivl_0", 0 0, L_0000017397f50970;  1 drivers
v0000017397fb6be0_0 .net *"_ivl_4", 0 0, L_0000017397f50eb0;  1 drivers
v0000017397fb5b00_0 .net *"_ivl_6", 0 0, L_0000017397f50f20;  1 drivers
v0000017397fb5ce0_0 .net *"_ivl_8", 0 0, L_0000017397f50f90;  1 drivers
v0000017397fb5a60_0 .net "cin", 0 0, L_0000017397f507b0;  alias, 1 drivers
v0000017397fb7360_0 .net "cout", 0 0, L_0000017397f509e0;  alias, 1 drivers
v0000017397fb75e0_0 .net "s", 0 0, L_0000017397f50b30;  1 drivers
S_0000017397f543a0 .scope module, "fa3" "sumador_1bt" 2 30, 2 1 0, S_0000017397f58a40;
 .timescale 0 0;
    .port_info 0 /INPUT 1 "A";
    .port_info 1 /INPUT 1 "B";
    .port_info 2 /INPUT 1 "cin";
    .port_info 3 /OUTPUT 1 "s";
    .port_info 4 /OUTPUT 1 "cout";
L_0000017397f50200 .functor XOR 1, L_0000017397fb8bc0, L_0000017397fb9980, C4<0>, C4<0>;
L_0000017397f504a0 .functor XOR 1, L_0000017397f50200, L_0000017397f509e0, C4<0>, C4<0>;
L_0000017397f50270 .functor AND 1, L_0000017397fb8bc0, L_0000017397fb9980, C4<1>, C4<1>;
L_0000017397f51000 .functor XOR 1, L_0000017397fb8bc0, L_0000017397fb9980, C4<0>, C4<0>;
L_0000017397f50820 .functor AND 1, L_0000017397f509e0, L_0000017397f51000, C4<1>, C4<1>;
L_0000017397f50a50 .functor OR 1, L_0000017397f50270, L_0000017397f50820, C4<0>, C4<0>;
v0000017397fb59c0_0 .net "A", 0 0, L_0000017397fb8bc0;  1 drivers
v0000017397fb6f00_0 .net "B", 0 0, L_0000017397fb9980;  1 drivers
v0000017397fb5ba0_0 .net *"_ivl_0", 0 0, L_0000017397f50200;  1 drivers
v0000017397fb5d80_0 .net *"_ivl_4", 0 0, L_0000017397f50270;  1 drivers
v0000017397fb5e20_0 .net *"_ivl_6", 0 0, L_0000017397f51000;  1 drivers
v0000017397fb7180_0 .net *"_ivl_8", 0 0, L_0000017397f50820;  1 drivers
v0000017397fb5ec0_0 .net "cin", 0 0, L_0000017397f509e0;  alias, 1 drivers
v0000017397fb7220_0 .net "cout", 0 0, L_0000017397f50a50;  alias, 1 drivers
v0000017397fb7680_0 .net "s", 0 0, L_0000017397f504a0;  1 drivers
    .scope S_0000017397f588b0;
T_0 ;
    %vpi_call 2 46 "$dumpfile", "resultado.vcd" {0 0 0};
    %vpi_call 2 47 "$dumpvars", 32'sb00000000000000000000000000000000, S_0000017397f588b0 {0 0 0};
    %pushi/vec4 0, 0, 5;
    %store/vec4 v0000017397fb6aa0_0, 0, 5;
T_0.0 ;
    %load/vec4 v0000017397fb6aa0_0;
    %pad/u 32;
    %cmpi/u 2, 0, 32;
    %jmp/0xz T_0.1, 5;
    %load/vec4 v0000017397fb6aa0_0;
    %parti/s 1, 0, 2;
    %store/vec4 v0000017397fb7040_0, 0, 1;
    %pushi/vec4 0, 0, 5;
    %store/vec4 v0000017397fb6960_0, 0, 5;
T_0.2 ;
    %load/vec4 v0000017397fb6960_0;
    %pad/u 32;
    %cmpi/u 16, 0, 32;
    %jmp/0xz T_0.3, 5;
    %load/vec4 v0000017397fb6960_0;
    %parti/s 4, 0, 2;
    %store/vec4 v0000017397fb6460_0, 0, 4;
    %pushi/vec4 0, 0, 5;
    %store/vec4 v0000017397fb6a00_0, 0, 5;
T_0.4 ;
    %load/vec4 v0000017397fb6a00_0;
    %pad/u 32;
    %cmpi/u 16, 0, 32;
    %jmp/0xz T_0.5, 5;
    %load/vec4 v0000017397fb6a00_0;
    %parti/s 4, 0, 2;
    %store/vec4 v0000017397fb6820_0, 0, 4;
    %delay 5, 0;
    %load/vec4 v0000017397fb6a00_0;
    %addi 1, 0, 5;
    %store/vec4 v0000017397fb6a00_0, 0, 5;
    %jmp T_0.4;
T_0.5 ;
    %load/vec4 v0000017397fb6960_0;
    %addi 1, 0, 5;
    %store/vec4 v0000017397fb6960_0, 0, 5;
    %jmp T_0.2;
T_0.3 ;
    %load/vec4 v0000017397fb6aa0_0;
    %addi 1, 0, 5;
    %store/vec4 v0000017397fb6aa0_0, 0, 5;
    %jmp T_0.0;
T_0.1 ;
    %vpi_call 2 59 "$finish" {0 0 0};
    %end;
    .thread T_0;
# The file index is used to find the file name in the following table.
:file_names 3;
    "N/A";
    "<interactive>";
    "Sum_Rest.v";
